C:\USERS\RIO\DOCUMENTS\649\CSCE649\BOUNCINGBALLOOP\DEBUG\BOUNCEANDDETECTOOP.OBJ
C:\USERS\RIO\DOCUMENTS\649\CSCE649\BOUNCINGBALLOOP\DEBUG\BOUNCINGBALLOOP.EXE.EMBED.MANIFEST
C:\USERS\RIO\DOCUMENTS\649\CSCE649\BOUNCINGBALLOOP\DEBUG\BOUNCINGBALLOOP.EXE.EMBED.MANIFEST.RES
C:\Users\Rio\Documents\649\CSCE649\BouncingBallOOP\Debug\BouncingBallOOP.exe.intermediate.manifest
C:\Users\Rio\Documents\649\CSCE649\BouncingBallOOP\Debug\BouncingBallOOP.write.1.tlog
C:\Users\Rio\Documents\649\CSCE649\BouncingBallOOP\Debug\BouncingBallOOP_manifest.rc
C:\Users\Rio\Documents\649\CSCE649\BouncingBallOOP\Debug\cl.command.1.tlog
C:\Users\Rio\Documents\649\CSCE649\BouncingBallOOP\Debug\CL.read.1.tlog
C:\Users\Rio\Documents\649\CSCE649\BouncingBallOOP\Debug\CL.write.1.tlog
C:\Users\Rio\Documents\649\CSCE649\BouncingBallOOP\Debug\link.command.1.tlog
C:\Users\Rio\Documents\649\CSCE649\BouncingBallOOP\Debug\link.read.1.tlog
C:\Users\Rio\Documents\649\CSCE649\BouncingBallOOP\Debug\link.write.1.tlog
C:\Users\Rio\Documents\649\CSCE649\BouncingBallOOP\Debug\link-cvtres.read.1.tlog
C:\Users\Rio\Documents\649\CSCE649\BouncingBallOOP\Debug\link-cvtres.write.1.tlog
C:\Users\Rio\Documents\649\CSCE649\BouncingBallOOP\Debug\mt.command.1.tlog
C:\Users\Rio\Documents\649\CSCE649\BouncingBallOOP\Debug\mt.read.1.tlog
C:\Users\Rio\Documents\649\CSCE649\BouncingBallOOP\Debug\mt.write.1.tlog
C:\Users\Rio\Documents\649\CSCE649\BouncingBallOOP\Debug\rc.command.1.tlog
C:\Users\Rio\Documents\649\CSCE649\BouncingBallOOP\Debug\rc.read.1.tlog
C:\Users\Rio\Documents\649\CSCE649\BouncingBallOOP\Debug\rc.write.1.tlog
C:\Users\Rio\Documents\649\CSCE649\BouncingBallOOP\Debug\vc100.idb
C:\USERS\RIO\DOCUMENTS\649\CSCE649\BOUNCINGBALLOOP\DEBUG\VC100.PDB
C:\Users\Rio\Documents\649\CSCE649\Debug\BouncingBallOOP.exe
C:\Users\Rio\Documents\649\CSCE649\Debug\BouncingBallOOP.ilk
C:\Users\Rio\Documents\649\CSCE649\Debug\BouncingBallOOP.pdb
